<?xml version="1.0" encoding="UTF-8"?>
<!-- Generated by org.testng.reporters.JUnitReportReporter -->
<testsuite skipped="0" hostname="LAPTOP-PP7LTPN0" name="com.webappsecurity.zero.TestScripts.VerifyFundTransferTest" tests="1" failures="0" timestamp="11 Oct 2020 17:06:03 GMT" time="68.179" errors="0">
  <testcase name="verifyFundTransfer" time="68.179" classname="com.webappsecurity.zero.TestScripts.VerifyFundTransferTest"/>
</testsuite> <!-- com.webappsecurity.zero.TestScripts.VerifyFundTransferTest -->
