<?xml version="1.0" encoding="UTF-8"?>
<!-- Generated by org.testng.reporters.JUnitReportReporter -->
<testsuite skipped="0" hostname="LAPTOP-PP7LTPN0" name="kdf.Application" tests="1" failures="0" timestamp="17 Oct 2020 17:08:10 GMT" time="109.347" errors="0">
  <testcase name="verifyInvalidLogin" time="109.347" classname="kdf.Application"/>
</testsuite> <!-- kdf.Application -->
